[master (root-commit) 4e2cee0] Site Déclic Agency complet
 113 files changed, 7840 insertions(+)
 create mode 100644 .abacus.donotdelete
 create mode 100644 .gitignore
 create mode 100644 .project_instructions.md
 create mode 100644 nextjs_space/.env
 create mode 100644 nextjs_space/.yarnrc.yml
 create mode 100644 nextjs_space/STYLE_GUIDE.md
 create mode 100644 nextjs_space/app/_components/booking-section.tsx
 create mode 100644 nextjs_space/app/_components/contact-section.tsx
 create mode 100644 nextjs_space/app/_components/cta-section.tsx
 create mode 100644 nextjs_space/app/_components/faq-section.tsx
 create mode 100644 nextjs_space/app/_components/footer.tsx
 create mode 100644 nextjs_space/app/_components/header.tsx
 create mode 100644 nextjs_space/app/_components/hero-section.tsx
 create mode 100644 nextjs_space/app/_components/json-ld.tsx
 create mode 100644 nextjs_space/app/_components/pricing-section.tsx
 create mode 100644 nextjs_space/app/_components/problem-section.tsx
 create mode 100644 nextjs_space/app/_components/process-section.tsx
 create mode 100644 nextjs_space/app/_components/reassurance-section.tsx
 create mode 100644 nextjs_space/app/_components/solution-section.tsx
 create mode 100644 nextjs_space/app/admin/_components/admin-dashboard.tsx
 create mode 100644 nextjs_space/app/admin/login/_components/login-client.tsx
 create mode 100644 nextjs_space/app/admin/login/page.tsx
 create mode 100644 nextjs_space/app/admin/page.tsx
 create mode 100644 nextjs_space/app/api/auth/[...nextauth]/route.ts
 create mode 100644 nextjs_space/app/api/auth/login/route.ts
 create mode 100644 nextjs_space/app/api/booking/route.ts
 create mode 100644 nextjs_space/app/api/contact/route.ts
 create mode 100644 nextjs_space/app/api/signup/route.ts
 create mode 100644 nextjs_space/app/globals.css
 create mode 100644 nextjs_space/app/layout.tsx
 create mode 100644 nextjs_space/app/page.tsx
 create mode 100644 nextjs_space/app/robots.ts
 create mode 100644 nextjs_space/app/sitemap.ts
 create mode 100644 nextjs_space/components.json
 create mode 100644 nextjs_space/components/chunk-load-error-handler.tsx
 create mode 100644 nextjs_space/components/layouts/app-shell.tsx
 create mode 100644 nextjs_space/components/layouts/auth-layout.tsx
 create mode 100644 nextjs_space/components/layouts/container.tsx
 create mode 100644 nextjs_space/components/layouts/page-header.tsx
 create mode 100644 nextjs_space/components/layouts/section.tsx
 create mode 100644 nextjs_space/components/providers.tsx
 create mode 100644 nextjs_space/components/theme-provider.tsx
 create mode 100644 nextjs_space/components/theme-toggle.tsx
 create mode 100644 nextjs_space/components/ui/accordion.tsx
 create mode 100644 nextjs_space/components/ui/alert-dialog.tsx
 create mode 100644 nextjs_space/components/ui/alert.tsx
 create mode 100644 nextjs_space/components/ui/animate.tsx
 create mode 100644 nextjs_space/components/ui/aspect-ratio.tsx
 create mode 100644 nextjs_space/components/ui/avatar.tsx
 create mode 100644 nextjs_space/components/ui/badge.tsx
 create mode 100644 nextjs_space/components/ui/breadcrumb.tsx
 create mode 100644 nextjs_space/components/ui/button.tsx
 create mode 100644 nextjs_space/components/ui/calendar.tsx
 create mode 100644 nextjs_space/components/ui/card.tsx
 create mode 100644 nextjs_space/components/ui/carousel.tsx
 create mode 100644 nextjs_space/components/ui/checkbox.tsx
 create mode 100644 nextjs_space/components/ui/collapsible.tsx
 create mode 100644 nextjs_space/components/ui/command.tsx
 create mode 100644 nextjs_space/components/ui/context-menu.tsx
 create mode 100644 nextjs_space/components/ui/date-range-picker.tsx
 create mode 100644 nextjs_space/components/ui/dialog.tsx
 create mode 100644 nextjs_space/components/ui/drawer.tsx
 create mode 100644 nextjs_space/components/ui/dropdown-menu.tsx
 create mode 100644 nextjs_space/components/ui/form.tsx
 create mode 100644 nextjs_space/components/ui/hover-card.tsx
 create mode 100644 nextjs_space/components/ui/input-otp.tsx
 create mode 100644 nextjs_space/components/ui/input.tsx
 create mode 100644 nextjs_space/components/ui/label.tsx
 create mode 100644 nextjs_space/components/ui/menubar.tsx
 create mode 100644 nextjs_space/components/ui/navigation-menu.tsx
 create mode 100644 nextjs_space/components/ui/pagination.tsx
 create mode 100644 nextjs_space/components/ui/popover.tsx
 create mode 100644 nextjs_space/components/ui/progress.tsx
 create mode 100644 nextjs_space/components/ui/radio-group.tsx
 create mode 100644 nextjs_space/components/ui/resizable.tsx
 create mode 100644 nextjs_space/components/ui/scroll-area.tsx
 create mode 100644 nextjs_space/components/ui/select.tsx
 create mode 100644 nextjs_space/components/ui/separator.tsx
 create mode 100644 nextjs_space/components/ui/sheet.tsx
 create mode 100644 nextjs_space/components/ui/skeleton.tsx
 create mode 100644 nextjs_space/components/ui/slider.tsx
 create mode 100644 nextjs_space/components/ui/sonner.tsx
 create mode 100644 nextjs_space/components/ui/switch.tsx
 create mode 100644 nextjs_space/components/ui/table.tsx
 create mode 100644 nextjs_space/components/ui/tabs.tsx
 create mode 100644 nextjs_space/components/ui/task-card.tsx
 create mode 100644 nextjs_space/components/ui/textarea.tsx
 create mode 100644 nextjs_space/components/ui/toast.tsx
 create mode 100644 nextjs_space/components/ui/toaster.tsx
 create mode 100644 nextjs_space/components/ui/toggle-group.tsx
 create mode 100644 nextjs_space/components/ui/toggle.tsx
 create mode 100644 nextjs_space/components/ui/tooltip.tsx
 create mode 100644 nextjs_space/components/ui/use-toast.ts
 create mode 100644 nextjs_space/hooks/use-toast.ts
 create mode 100644 nextjs_space/lib/auth.ts
 create mode 100644 nextjs_space/lib/db.ts
 create mode 100644 nextjs_space/lib/prisma.ts
 create mode 100644 nextjs_space/lib/types.ts
 create mode 100644 nextjs_space/lib/utils.ts
 create mode 100644 nextjs_space/middleware.ts
 create mode 100644 nextjs_space/next-env.d.ts
 create mode 100644 nextjs_space/next.config.js
 create mode 100644 nextjs_space/package.json
 create mode 100644 nextjs_space/postcss.config.js
 create mode 100644 nextjs_space/prisma/schema.prisma
 create mode 100644 nextjs_space/public/favicon.svg
 create mode 100644 nextjs_space/public/og-image.png
 create mode 100644 nextjs_space/scripts/safe-seed.ts
 create mode 100644 nextjs_space/scripts/seed.ts
 create mode 100644 nextjs_space/tailwind.config.ts
 create mode 100644 nextjs_space/tsconfig.json
 create mode 100644 nextjs_space/types/next-auth.d.ts
 create mode 120000 nextjs_space/yarn.lock
###4e2cee0cdde7f34eb1a1dc8d332737cc2d10928c###
