  ▲ Next.js 14.2.28
  - Local:        http://localhost:3000
  - Environments: .env
  - Experiments (use with caution):
    · outputFileTracingRoot

 ✓ Starting...
Attention: Next.js now collects completely anonymous telemetry regarding usage.
This information is used to shape Next.js' roadmap and prioritize features.
You can learn more, including how to opt-out if you'd not like to participate in this anonymous program, by visiting the following URL:
https://nextjs.org/telemetry

 ✓ Ready in 1070ms
 ○ Compiling / ...
 ✓ Compiled / in 3.4s (1356 modules)
 GET / 200 in 3556ms
 ✓ Compiled in 255ms (668 modules)
 ✓ Compiled in 216ms (1323 modules)
 ○ Compiling /api/auth/[...nextauth] ...
 ✓ Compiled /api/auth/[...nextauth] in 554ms (907 modules)
 GET /api/auth/providers 200 in 859ms
 GET / 200 in 87ms
 GET /api/auth/session 200 in 23ms
 GET /api/auth/session 200 in 5ms
 GET / 200 in 36ms
 GET / 200 in 35ms
 GET / 200 in 39ms
 GET / 200 in 86ms
 GET / 200 in 86ms
 GET / 200 in 90ms
 GET /api/auth/session 200 in 36ms
 GET /api/auth/session 200 in 5ms
 GET /api/auth/session 200 in 9ms
 GET /api/auth/session 200 in 19ms
 GET /api/auth/session 200 in 4ms
 GET /api/auth/session 200 in 60ms
 GET /api/auth/session 200 in 6ms
 GET /api/auth/session 200 in 3ms
 GET /api/auth/session 200 in 4ms
 GET /api/auth/session 200 in 4ms
 GET /api/auth/session 200 in 4ms
 GET /api/auth/session 200 in 3ms
 GET /api/auth/session 200 in 4ms
 GET /api/auth/csrf 200 in 18ms
 ✓ Compiled /api/signup in 131ms (933 modules)
 POST /api/signup 200 in 312ms
 GET / 200 in 67ms
 GET /api/auth/signin 302 in 25ms
 ✓ Compiled /admin/login in 202ms (1602 modules)
 GET /admin/login?callbackUrl=http://localhost:3000 200 in 259ms
 GET /api/auth/csrf 200 in 20ms
 POST /api/auth/callback/credentials 302 in 75ms
 ✓ Compiled /_not-found in 131ms (1605 modules)
 GET /dashboard 404 in 161ms
 GET / 200 in 44ms
 GET /api/auth/session 200 in 26ms
 GET /api/auth/session 200 in 7ms
 GET / 200 in 25ms
 GET /admin/login 200 in 16ms
 ✓ Compiled /admin in 489ms (1629 modules)
 GET /admin 307 in 573ms
 ✓ Compiled /api/contact in 132ms (961 modules)
 POST /api/contact 200 in 1159ms
[?25h
