  ▲ Next.js 14.2.28
  - Local:        http://localhost:3000
  - Environments: .env
  - Experiments (use with caution):
    · outputFileTracingRoot

 ✓ Starting...
 ✓ Ready in 1173ms
 ○ Compiling / ...
 ✓ Compiled / in 3.8s (1356 modules)
 GET / 200 in 4309ms
 ✓ Compiled in 488ms (668 modules)
 ○ Compiling /api/auth/[...nextauth] ...
 ✓ Compiled /api/auth/[...nextauth] in 2.6s (907 modules)
 GET /api/auth/session 200 in 2947ms
 GET /api/auth/session 200 in 27ms
 GET / 200 in 118ms
 GET / 200 in 31ms
 GET /api/auth/session 200 in 29ms
 GET /api/auth/session 200 in 26ms
 GET / 200 in 35ms
 GET / 200 in 38ms
 GET / 200 in 28ms
 GET / 200 in 30ms
 GET / 200 in 27ms
 GET /api/auth/session 200 in 26ms
 GET /api/auth/session 200 in 20ms
 GET / 200 in 28ms
 GET / 200 in 30ms
 GET / 200 in 29ms
 GET / 200 in 26ms
 GET / 200 in 23ms
 GET / 200 in 22ms
 GET / 200 in 25ms
 GET /api/auth/session 200 in 28ms
 GET /api/auth/session 200 in 20ms
