  ▲ Next.js 14.2.28
  - Environments: .env
  - Experiments (use with caution):
    · outputFileTracingRoot

   Creating an optimized production build ...
 ✓ Compiled successfully
   Skipping linting
   Checking validity of types ...
   Collecting page data ...
   Generating static pages (0/6) ...
   Generating static pages (1/6) 
   Generating static pages (2/6) 
   Generating static pages (4/6) 
 ✓ Generating static pages (6/6)
   Finalizing page optimization ...
   Collecting build traces ...

Route (app)                      Size     First Load JS
┌ ƒ /                            51.7 kB         156 kB
├ ƒ /_not-found                  872 B          88.1 kB
├ ƒ /admin                       7.23 kB         113 kB
├ ƒ /admin/login                 2.53 kB         116 kB
├ ƒ /api/auth/[...nextauth]      0 B                0 B
├ ƒ /api/auth/login              0 B                0 B
├ ƒ /api/booking                 0 B                0 B
├ ƒ /api/contact                 0 B                0 B
├ ƒ /api/signup                  0 B                0 B
├ ƒ /robots.txt                  0 B                0 B
└ ƒ /sitemap.xml                 0 B                0 B
+ First Load JS shared by all    87.2 kB
  ├ chunks/156-ac8d5d0d.js       31.7 kB
  ├ chunks/ceb5afef-ec501fe1.js  53.6 kB
  └ other shared chunks (total)  1.95 kB


ƒ Middleware                     49.4 kB

ƒ  (Dynamic)  server-rendered on demand

exit_code=0
