Attention: Next.js now collects completely anonymous telemetry regarding usage.
This information is used to shape Next.js' roadmap and prioritize features.
You can learn more, including how to opt-out if you'd not like to participate in this anonymous program, by visiting the following URL:
https://nextjs.org/telemetry

  ▲ Next.js 14.2.28
  - Experiments (use with caution):
    · outputFileTracingRoot

   Creating an optimized production build ...
 ✓ Compiled successfully
   Skipping linting
   Checking validity of types ...
   Collecting page data ...
   Generating static pages (0/6) ...
   Generating static pages (1/6) 
   Generating static pages (2/6) 
   Generating static pages (4/6) 
 ✓ Generating static pages (6/6)
   Finalizing page optimization ...
   Collecting build traces ...

Route (app)                      Size     First Load JS
┌ ƒ /                            51.7 kB         156 kB
├ ƒ /_not-found                  873 B          88.1 kB
├ ƒ /admin                       7.24 kB         113 kB
├ ƒ /admin/login                 2.53 kB         116 kB
├ ƒ /api/auth/[...nextauth]      0 B                0 B
├ ƒ /api/auth/login              0 B                0 B
├ ƒ /api/booking                 0 B                0 B
├ ƒ /api/contact                 0 B                0 B
├ ƒ /api/signup                  0 B                0 B
├ ƒ /robots.txt                  0 B                0 B
└ ƒ /sitemap.xml                 0 B                0 B
+ First Load JS shared by all    87.2 kB
  ├ chunks/117-760cd612.js       31.6 kB
  ├ chunks/fd9d1056-8e0367ad.js  53.6 kB
  └ other shared chunks (total)  1.95 kB


ƒ Middleware                     49.4 kB

ƒ  (Dynamic)  server-rendered on demand

Successfully built app artifact
