  % Total    % Received % Xferd  Average Speed   Time    Time     Time  Current
                                 Dload  Upload   Total   Spent    Left  Speed
  0     0    0     0    0     0      0      0 --:--:-- --:--:-- --:--:--     0*   Trying 127.0.0.1:3000...
* Connected to localhost (127.0.0.1) port 3000 (#0)
> GET / HTTP/1.1
> Host: localhost:3000
> User-Agent: curl/7.88.1
> Accept: */*
> 
  0     0    0     0    0     0      0      0 --:--:--  0:00:01 --:--:--     0  0     0    0     0    0     0      0      0 --:--:--  0:00:02 --:--:--     0  0     0    0     0    0     0      0      0 --:--:--  0:00:03 --:--:--     0< HTTP/1.1 200 OK
< Vary: RSC, Next-Router-State-Tree, Next-Router-Prefetch, Accept-Encoding
< link: </_next/static/media/13971731025ec697-s.p.woff2>; rel=preload; as="font"; crossorigin=""; type="font/woff2", </_next/static/media/636a5ac981f94f8b-s.p.woff2>; rel=preload; as="font"; crossorigin=""; type="font/woff2", </_next/static/media/bb3ef058b751a6ad-s.p.woff2>; rel=preload; as="font"; crossorigin=""; type="font/woff2"
< Cache-Control: no-store, must-revalidate
< X-Powered-By: Next.js
< Content-Type: text/html; charset=utf-8
< Date: Tue, 19 May 2026 14:02:10 GMT
< Connection: keep-alive
< Keep-Alive: timeout=5
< Transfer-Encoding: chunked
< 
{ [69546 bytes data]
100 81742    0 81742    0     0  22941      0 --:--:--  0:00:03 --:--:-- 22941
* Connection #0 to host localhost left intact
